<?xml version="1.0" encoding="UTF-8"?>
<testng-results skipped="0" failed="1" ignored="0" total="4" passed="3">
  <reporter-output>
  </reporter-output>
  <suite name="Default suite" duration-ms="142207" started-at="2019-10-03T04:55:28Z" finished-at="2019-10-03T04:57:50Z">
    <groups>
    </groups>
    <test name="Default test" duration-ms="142207" started-at="2019-10-03T04:55:28Z" finished-at="2019-10-03T04:57:50Z">
      <class name="com.visionIt.freecrm.TestCases.LoginTest">
        <test-method status="PASS" signature="setUp()[pri:0, instance:com.visionIt.freecrm.TestCases.LoginTest@c4039c]" name="setUp" is-config="true" duration-ms="30290" started-at="2019-10-03T04:55:28Z" finished-at="2019-10-03T04:55:58Z">
          <reporter-output>
          </reporter-output>
        </test-method> <!-- setUp -->
        <test-method status="FAIL" signature="verifyLoginPageTiltleTest()[pri:1, instance:com.visionIt.freecrm.TestCases.LoginTest@c4039c]" name="verifyLoginPageTiltleTest" duration-ms="19" started-at="2019-10-03T04:55:58Z" finished-at="2019-10-03T04:55:58Z">
          <exception class="java.lang.AssertionError">
            <message>
              <![CDATA[Title of the page is not matching .. expected [CRMPRO - CRM software for customer relationship management, sales, and support.] but found []]]>
            </message>
            <full-stacktrace>
              <![CDATA[java.lang.AssertionError: Title of the page is not matching .. expected [CRMPRO - CRM software for customer relationship management, sales, and support.] but found []
at org.testng.Assert.fail(Assert.java:96)
at org.testng.Assert.failNotEquals(Assert.java:776)
at org.testng.Assert.assertEqualsImpl(Assert.java:137)
at org.testng.Assert.assertEquals(Assert.java:118)
at org.testng.Assert.assertEquals(Assert.java:453)
at com.visionIt.freecrm.TestCases.LoginTest.verifyLoginPageTiltleTest(LoginTest.java:29)
at sun.reflect.NativeMethodAccessorImpl.invoke0(Native Method)
at sun.reflect.NativeMethodAccessorImpl.invoke(Unknown Source)
at sun.reflect.DelegatingMethodAccessorImpl.invoke(Unknown Source)
at java.lang.reflect.Method.invoke(Unknown Source)
at org.testng.internal.MethodInvocationHelper.invokeMethod(MethodInvocationHelper.java:124)
at org.testng.internal.Invoker.invokeMethod(Invoker.java:583)
at org.testng.internal.Invoker.invokeTestMethod(Invoker.java:719)
at org.testng.internal.Invoker.invokeTestMethods(Invoker.java:989)
at org.testng.internal.TestMethodWorker.invokeTestMethods(TestMethodWorker.java:125)
at org.testng.internal.TestMethodWorker.run(TestMethodWorker.java:109)
at org.testng.TestRunner.privateRun(TestRunner.java:648)
at org.testng.TestRunner.run(TestRunner.java:505)
at org.testng.SuiteRunner.runTest(SuiteRunner.java:455)
at org.testng.SuiteRunner.runSequentially(SuiteRunner.java:450)
at org.testng.SuiteRunner.privateRun(SuiteRunner.java:415)
at org.testng.SuiteRunner.run(SuiteRunner.java:364)
at org.testng.SuiteRunnerWorker.runSuite(SuiteRunnerWorker.java:52)
at org.testng.SuiteRunnerWorker.run(SuiteRunnerWorker.java:84)
at org.testng.TestNG.runSuitesSequentially(TestNG.java:1208)
at org.testng.TestNG.runSuitesLocally(TestNG.java:1137)
at org.testng.TestNG.runSuites(TestNG.java:1049)
at org.testng.TestNG.run(TestNG.java:1017)
at org.testng.remote.AbstractRemoteTestNG.run(AbstractRemoteTestNG.java:114)
at org.testng.remote.RemoteTestNG.initAndRun(RemoteTestNG.java:251)
at org.testng.remote.RemoteTestNG.main(RemoteTestNG.java:77)
]]>
            </full-stacktrace>
          </exception> <!-- java.lang.AssertionError -->
          <reporter-output>
          </reporter-output>
        </test-method> <!-- verifyLoginPageTiltleTest -->
        <test-method status="PASS" signature="setUp()[pri:0, instance:com.visionIt.freecrm.TestCases.LoginTest@c4039c]" name="setUp" is-config="true" duration-ms="30705" started-at="2019-10-03T04:55:58Z" finished-at="2019-10-03T04:56:29Z">
          <reporter-output>
          </reporter-output>
        </test-method> <!-- setUp -->
        <test-method status="PASS" signature="verifyPagelogoTest()[pri:2, instance:com.visionIt.freecrm.TestCases.LoginTest@c4039c]" name="verifyPagelogoTest" duration-ms="404" started-at="2019-10-03T04:56:29Z" finished-at="2019-10-03T04:56:29Z">
          <reporter-output>
          </reporter-output>
        </test-method> <!-- verifyPagelogoTest -->
        <test-method status="PASS" signature="setUp()[pri:0, instance:com.visionIt.freecrm.TestCases.LoginTest@c4039c]" name="setUp" is-config="true" duration-ms="29629" started-at="2019-10-03T04:56:29Z" finished-at="2019-10-03T04:56:59Z">
          <reporter-output>
          </reporter-output>
        </test-method> <!-- setUp -->
        <test-method status="PASS" signature="veryfyLoginToFreeCrmProTest()[pri:3, instance:com.visionIt.freecrm.TestCases.LoginTest@c4039c]" name="veryfyLoginToFreeCrmProTest" duration-ms="5216" started-at="2019-10-03T04:56:59Z" finished-at="2019-10-03T04:57:04Z">
          <reporter-output>
          </reporter-output>
        </test-method> <!-- veryfyLoginToFreeCrmProTest -->
        <test-method status="PASS" signature="setUp()[pri:0, instance:com.visionIt.freecrm.TestCases.LoginTest@c4039c]" name="setUp" is-config="true" duration-ms="32032" started-at="2019-10-03T04:57:04Z" finished-at="2019-10-03T04:57:36Z">
          <reporter-output>
          </reporter-output>
        </test-method> <!-- setUp -->
        <test-method status="PASS" signature="navigateToCreateAccountPageTest()[pri:4, instance:com.visionIt.freecrm.TestCases.LoginTest@c4039c]" name="navigateToCreateAccountPageTest" duration-ms="13867" started-at="2019-10-03T04:57:36Z" finished-at="2019-10-03T04:57:50Z">
          <reporter-output>
          </reporter-output>
        </test-method> <!-- navigateToCreateAccountPageTest -->
      </class> <!-- com.visionIt.freecrm.TestCases.LoginTest -->
    </test> <!-- Default test -->
  </suite> <!-- Default suite -->
</testng-results>
